2023-01-15 00:13:55,808 - [DEBUG] - api_logger - (views.py).api_posts_all(35) - All posts requested
2023-01-15 00:13:55,819 - [DEBUG] - api_logger - (views.py).api_posts_all(35) - All posts requested
2023-01-15 00:13:55,822 - [DEBUG] - api_logger - (views.py).api_posts_single(50) - Post requested 1
2023-01-15 00:13:55,825 - [DEBUG] - api_logger - (views.py).api_posts_single(47) - Referring to a non-existent post 0
2023-01-15 00:13:55,825 - [ERROR] - api_logger - (views.py).api_error_404(57) - Error 404 Not Found: The requested URL was not found on the server. If you entered the URL manually please check your spelling and try again.
2023-01-15 00:13:55,828 - [DEBUG] - api_logger - (views.py).api_posts_single(50) - Post requested 1
2023-01-15 00:13:55,831 - [DEBUG] - api_logger - (views.py).api_posts_single(50) - Post requested 1
2023-01-15 00:13:55,834 - [DEBUG] - api_logger - (views.py).api_posts_single(50) - Post requested 2
2023-01-15 00:13:55,837 - [DEBUG] - api_logger - (views.py).api_posts_single(50) - Post requested 3
2023-01-15 00:13:55,840 - [DEBUG] - api_logger - (views.py).api_posts_single(50) - Post requested 4
2023-01-15 00:14:10,303 - [DEBUG] - api_logger - (views.py).api_posts_all(35) - All posts requested
2023-01-15 00:14:10,308 - [DEBUG] - api_logger - (views.py).api_posts_all(35) - All posts requested
2023-01-15 00:14:10,312 - [DEBUG] - api_logger - (views.py).api_posts_single(50) - Post requested 1
2023-01-15 00:14:10,315 - [DEBUG] - api_logger - (views.py).api_posts_single(47) - Referring to a non-existent post 0
2023-01-15 00:14:10,315 - [ERROR] - api_logger - (views.py).api_error_404(57) - Error 404 Not Found: The requested URL was not found on the server. If you entered the URL manually please check your spelling and try again.
2023-01-15 00:14:10,319 - [DEBUG] - api_logger - (views.py).api_posts_single(50) - Post requested 1
2023-01-15 00:14:10,323 - [DEBUG] - api_logger - (views.py).api_posts_single(50) - Post requested 1
2023-01-15 00:14:10,327 - [DEBUG] - api_logger - (views.py).api_posts_single(50) - Post requested 2
2023-01-15 00:14:10,331 - [DEBUG] - api_logger - (views.py).api_posts_single(50) - Post requested 3
2023-01-15 00:14:10,335 - [DEBUG] - api_logger - (views.py).api_posts_single(50) - Post requested 4
2023-01-15 00:14:41,520 - [DEBUG] - api_logger - (views.py).api_posts_all(35) - All posts requested
2023-01-15 00:14:41,525 - [DEBUG] - api_logger - (views.py).api_posts_all(35) - All posts requested
2023-01-15 00:14:41,529 - [DEBUG] - api_logger - (views.py).api_posts_single(50) - Post requested 1
2023-01-15 00:14:41,533 - [DEBUG] - api_logger - (views.py).api_posts_single(47) - Referring to a non-existent post 0
2023-01-15 00:14:41,533 - [ERROR] - api_logger - (views.py).api_error_404(57) - Error 404 Not Found: The requested URL was not found on the server. If you entered the URL manually please check your spelling and try again.
2023-01-15 00:14:41,536 - [DEBUG] - api_logger - (views.py).api_posts_single(50) - Post requested 1
2023-01-15 00:14:41,540 - [DEBUG] - api_logger - (views.py).api_posts_single(50) - Post requested 1
2023-01-15 00:14:41,544 - [DEBUG] - api_logger - (views.py).api_posts_single(50) - Post requested 2
2023-01-15 00:14:41,549 - [DEBUG] - api_logger - (views.py).api_posts_single(50) - Post requested 3
2023-01-15 00:14:41,552 - [DEBUG] - api_logger - (views.py).api_posts_single(50) - Post requested 4
2023-01-15 00:19:34,265 - [DEBUG] - api_logger - (views.py).api_posts_all(35) - All posts requested
2023-01-15 00:19:34,270 - [DEBUG] - api_logger - (views.py).api_posts_all(35) - All posts requested
2023-01-15 00:19:34,273 - [DEBUG] - api_logger - (views.py).api_posts_single(50) - Post requested 1
2023-01-15 00:19:34,277 - [DEBUG] - api_logger - (views.py).api_posts_single(47) - Referring to a non-existent post 0
2023-01-15 00:19:34,277 - [ERROR] - api_logger - (views.py).api_error_404(57) - Error 404 Not Found: The requested URL was not found on the server. If you entered the URL manually please check your spelling and try again.
2023-01-15 00:19:34,281 - [DEBUG] - api_logger - (views.py).api_posts_single(50) - Post requested 1
2023-01-15 00:19:34,285 - [DEBUG] - api_logger - (views.py).api_posts_single(50) - Post requested 1
2023-01-15 00:19:34,289 - [DEBUG] - api_logger - (views.py).api_posts_single(50) - Post requested 2
2023-01-15 00:19:34,293 - [DEBUG] - api_logger - (views.py).api_posts_single(50) - Post requested 3
2023-01-15 00:19:34,297 - [DEBUG] - api_logger - (views.py).api_posts_single(50) - Post requested 4
2023-01-15 00:21:36,355 - [DEBUG] - api_logger - (views.py).api_posts_all(35) - All posts requested
2023-01-15 00:21:36,359 - [DEBUG] - api_logger - (views.py).api_posts_all(35) - All posts requested
2023-01-15 00:21:36,363 - [DEBUG] - api_logger - (views.py).api_posts_single(50) - Post requested 1
2023-01-15 00:21:36,366 - [DEBUG] - api_logger - (views.py).api_posts_single(47) - Referring to a non-existent post 0
2023-01-15 00:21:36,366 - [ERROR] - api_logger - (views.py).api_error_404(57) - Error 404 Not Found: The requested URL was not found on the server. If you entered the URL manually please check your spelling and try again.
2023-01-15 00:21:36,370 - [DEBUG] - api_logger - (views.py).api_posts_single(50) - Post requested 1
2023-01-15 00:21:36,374 - [DEBUG] - api_logger - (views.py).api_posts_single(50) - Post requested 1
2023-01-15 00:21:36,378 - [DEBUG] - api_logger - (views.py).api_posts_single(50) - Post requested 2
2023-01-15 00:21:36,381 - [DEBUG] - api_logger - (views.py).api_posts_single(50) - Post requested 3
2023-01-15 00:21:36,385 - [DEBUG] - api_logger - (views.py).api_posts_single(50) - Post requested 4
2023-01-15 00:21:53,694 - [DEBUG] - api_logger - (views.py).api_posts_all(35) - All posts requested
2023-01-15 00:21:53,699 - [DEBUG] - api_logger - (views.py).api_posts_all(35) - All posts requested
2023-01-15 00:21:53,703 - [DEBUG] - api_logger - (views.py).api_posts_single(50) - Post requested 1
2023-01-15 00:21:53,707 - [DEBUG] - api_logger - (views.py).api_posts_single(47) - Referring to a non-existent post 0
2023-01-15 00:21:53,707 - [ERROR] - api_logger - (views.py).api_error_404(57) - Error 404 Not Found: The requested URL was not found on the server. If you entered the URL manually please check your spelling and try again.
2023-01-15 00:21:53,711 - [DEBUG] - api_logger - (views.py).api_posts_single(50) - Post requested 1
2023-01-15 00:21:53,714 - [DEBUG] - api_logger - (views.py).api_posts_single(50) - Post requested 1
2023-01-15 00:21:53,717 - [DEBUG] - api_logger - (views.py).api_posts_single(50) - Post requested 2
2023-01-15 00:21:53,721 - [DEBUG] - api_logger - (views.py).api_posts_single(50) - Post requested 3
2023-01-15 00:21:53,725 - [DEBUG] - api_logger - (views.py).api_posts_single(50) - Post requested 4
2023-01-15 00:23:13,655 - [DEBUG] - api_logger - (views.py).api_posts_all(35) - All posts requested
2023-01-15 00:23:13,659 - [DEBUG] - api_logger - (views.py).api_posts_all(35) - All posts requested
2023-01-15 00:23:13,664 - [DEBUG] - api_logger - (views.py).api_posts_single(50) - Post requested 1
2023-01-15 00:23:13,668 - [DEBUG] - api_logger - (views.py).api_posts_single(47) - Referring to a non-existent post 0
2023-01-15 00:23:13,668 - [ERROR] - api_logger - (views.py).api_error_404(57) - Error 404 Not Found: The requested URL was not found on the server. If you entered the URL manually please check your spelling and try again.
2023-01-15 00:23:13,671 - [DEBUG] - api_logger - (views.py).api_posts_single(50) - Post requested 1
2023-01-15 00:23:13,674 - [DEBUG] - api_logger - (views.py).api_posts_single(50) - Post requested 1
2023-01-15 00:23:13,678 - [DEBUG] - api_logger - (views.py).api_posts_single(50) - Post requested 2
2023-01-15 00:23:13,682 - [DEBUG] - api_logger - (views.py).api_posts_single(50) - Post requested 3
2023-01-15 00:23:13,687 - [DEBUG] - api_logger - (views.py).api_posts_single(50) - Post requested 4
2023-01-15 00:23:35,017 - [DEBUG] - api_logger - (views.py).api_posts_all(35) - All posts requested
2023-01-15 00:23:35,022 - [DEBUG] - api_logger - (views.py).api_posts_all(35) - All posts requested
2023-01-15 00:23:35,026 - [DEBUG] - api_logger - (views.py).api_posts_single(50) - Post requested 1
2023-01-15 00:23:35,030 - [DEBUG] - api_logger - (views.py).api_posts_single(47) - Referring to a non-existent post 0
2023-01-15 00:23:35,030 - [ERROR] - api_logger - (views.py).api_error_404(57) - Error 404 Not Found: The requested URL was not found on the server. If you entered the URL manually please check your spelling and try again.
2023-01-15 00:23:35,034 - [DEBUG] - api_logger - (views.py).api_posts_single(50) - Post requested 1
2023-01-15 00:23:35,038 - [DEBUG] - api_logger - (views.py).api_posts_single(50) - Post requested 1
2023-01-15 00:23:35,041 - [DEBUG] - api_logger - (views.py).api_posts_single(50) - Post requested 2
2023-01-15 00:23:35,059 - [DEBUG] - api_logger - (views.py).api_posts_single(50) - Post requested 3
2023-01-15 00:23:35,062 - [DEBUG] - api_logger - (views.py).api_posts_single(50) - Post requested 4
2023-01-15 00:24:20,063 - [DEBUG] - api_logger - (views.py).api_posts_all(35) - All posts requested
2023-01-15 00:24:20,067 - [DEBUG] - api_logger - (views.py).api_posts_all(35) - All posts requested
2023-01-15 00:24:20,071 - [DEBUG] - api_logger - (views.py).api_posts_single(50) - Post requested 1
2023-01-15 00:24:20,074 - [DEBUG] - api_logger - (views.py).api_posts_single(47) - Referring to a non-existent post 0
2023-01-15 00:24:20,075 - [ERROR] - api_logger - (views.py).api_error_404(57) - Error 404 Not Found: The requested URL was not found on the server. If you entered the URL manually please check your spelling and try again.
2023-01-15 00:24:20,078 - [DEBUG] - api_logger - (views.py).api_posts_single(50) - Post requested 1
2023-01-15 00:24:20,082 - [DEBUG] - api_logger - (views.py).api_posts_single(50) - Post requested 1
2023-01-15 00:24:20,086 - [DEBUG] - api_logger - (views.py).api_posts_single(50) - Post requested 2
2023-01-15 00:24:20,090 - [DEBUG] - api_logger - (views.py).api_posts_single(50) - Post requested 3
2023-01-15 00:24:20,094 - [DEBUG] - api_logger - (views.py).api_posts_single(50) - Post requested 4
2023-01-15 00:24:34,431 - [DEBUG] - api_logger - (views.py).api_posts_all(35) - All posts requested
2023-01-15 00:24:34,436 - [DEBUG] - api_logger - (views.py).api_posts_all(35) - All posts requested
2023-01-15 00:24:34,440 - [DEBUG] - api_logger - (views.py).api_posts_single(50) - Post requested 1
2023-01-15 00:24:34,445 - [DEBUG] - api_logger - (views.py).api_posts_single(47) - Referring to a non-existent post 0
2023-01-15 00:24:34,445 - [ERROR] - api_logger - (views.py).api_error_404(57) - Error 404 Not Found: The requested URL was not found on the server. If you entered the URL manually please check your spelling and try again.
2023-01-15 00:24:34,449 - [DEBUG] - api_logger - (views.py).api_posts_single(50) - Post requested 1
2023-01-15 00:24:34,453 - [DEBUG] - api_logger - (views.py).api_posts_single(50) - Post requested 1
2023-01-15 00:24:34,457 - [DEBUG] - api_logger - (views.py).api_posts_single(50) - Post requested 2
2023-01-15 00:24:34,463 - [DEBUG] - api_logger - (views.py).api_posts_single(50) - Post requested 3
2023-01-15 00:24:34,467 - [DEBUG] - api_logger - (views.py).api_posts_single(50) - Post requested 4
2023-01-15 00:24:42,457 - [DEBUG] - api_logger - (views.py).api_posts_all(35) - All posts requested
2023-01-15 00:24:42,461 - [DEBUG] - api_logger - (views.py).api_posts_all(35) - All posts requested
2023-01-15 00:24:42,464 - [DEBUG] - api_logger - (views.py).api_posts_single(50) - Post requested 1
2023-01-15 00:24:42,467 - [DEBUG] - api_logger - (views.py).api_posts_single(47) - Referring to a non-existent post 0
2023-01-15 00:24:42,467 - [ERROR] - api_logger - (views.py).api_error_404(57) - Error 404 Not Found: The requested URL was not found on the server. If you entered the URL manually please check your spelling and try again.
2023-01-15 00:24:42,471 - [DEBUG] - api_logger - (views.py).api_posts_single(50) - Post requested 1
2023-01-15 00:24:42,474 - [DEBUG] - api_logger - (views.py).api_posts_single(50) - Post requested 1
2023-01-15 00:24:42,478 - [DEBUG] - api_logger - (views.py).api_posts_single(50) - Post requested 2
2023-01-15 00:24:42,480 - [DEBUG] - api_logger - (views.py).api_posts_single(50) - Post requested 3
2023-01-15 00:24:42,483 - [DEBUG] - api_logger - (views.py).api_posts_single(50) - Post requested 4
2023-01-15 00:24:55,086 - [DEBUG] - api_logger - (views.py).api_posts_all(35) - All posts requested
2023-01-15 00:24:55,089 - [DEBUG] - api_logger - (views.py).api_posts_all(35) - All posts requested
2023-01-15 00:24:55,092 - [DEBUG] - api_logger - (views.py).api_posts_single(50) - Post requested 1
2023-01-15 00:24:55,095 - [DEBUG] - api_logger - (views.py).api_posts_single(47) - Referring to a non-existent post 0
2023-01-15 00:24:55,096 - [ERROR] - api_logger - (views.py).api_error_404(57) - Error 404 Not Found: The requested URL was not found on the server. If you entered the URL manually please check your spelling and try again.
2023-01-15 00:24:55,098 - [DEBUG] - api_logger - (views.py).api_posts_single(50) - Post requested 1
2023-01-15 00:24:55,101 - [DEBUG] - api_logger - (views.py).api_posts_single(50) - Post requested 1
2023-01-15 00:24:55,103 - [DEBUG] - api_logger - (views.py).api_posts_single(50) - Post requested 2
2023-01-15 00:24:55,106 - [DEBUG] - api_logger - (views.py).api_posts_single(50) - Post requested 3
2023-01-15 00:24:55,109 - [DEBUG] - api_logger - (views.py).api_posts_single(50) - Post requested 4
2023-01-15 00:25:21,281 - [DEBUG] - api_logger - (views.py).api_posts_all(35) - All posts requested
2023-01-15 00:25:21,284 - [DEBUG] - api_logger - (views.py).api_posts_all(35) - All posts requested
2023-01-15 00:25:21,288 - [DEBUG] - api_logger - (views.py).api_posts_single(50) - Post requested 1
2023-01-15 00:25:21,291 - [DEBUG] - api_logger - (views.py).api_posts_single(47) - Referring to a non-existent post 0
2023-01-15 00:25:21,291 - [ERROR] - api_logger - (views.py).api_error_404(57) - Error 404 Not Found: The requested URL was not found on the server. If you entered the URL manually please check your spelling and try again.
2023-01-15 00:25:21,295 - [DEBUG] - api_logger - (views.py).api_posts_single(50) - Post requested 1
2023-01-15 00:25:21,297 - [DEBUG] - api_logger - (views.py).api_posts_single(50) - Post requested 1
2023-01-15 00:25:21,300 - [DEBUG] - api_logger - (views.py).api_posts_single(50) - Post requested 2
2023-01-15 00:25:21,304 - [DEBUG] - api_logger - (views.py).api_posts_single(50) - Post requested 3
2023-01-15 00:25:21,307 - [DEBUG] - api_logger - (views.py).api_posts_single(50) - Post requested 4
2023-01-15 00:27:28,490 - [DEBUG] - api_logger - (views.py).api_posts_all(35) - All posts requested
2023-01-15 00:27:28,494 - [DEBUG] - api_logger - (views.py).api_posts_all(35) - All posts requested
2023-01-15 00:27:28,497 - [DEBUG] - api_logger - (views.py).api_posts_single(50) - Post requested 1
2023-01-15 00:27:28,501 - [DEBUG] - api_logger - (views.py).api_posts_single(47) - Referring to a non-existent post 0
2023-01-15 00:27:28,501 - [ERROR] - api_logger - (views.py).api_error_404(57) - Error 404 Not Found: The requested URL was not found on the server. If you entered the URL manually please check your spelling and try again.
2023-01-15 00:27:28,504 - [DEBUG] - api_logger - (views.py).api_posts_single(50) - Post requested 1
2023-01-15 00:27:28,507 - [DEBUG] - api_logger - (views.py).api_posts_single(50) - Post requested 1
2023-01-15 00:27:28,510 - [DEBUG] - api_logger - (views.py).api_posts_single(50) - Post requested 2
2023-01-15 00:27:28,513 - [DEBUG] - api_logger - (views.py).api_posts_single(50) - Post requested 3
2023-01-15 00:27:28,516 - [DEBUG] - api_logger - (views.py).api_posts_single(50) - Post requested 4
2023-01-15 00:30:30,504 - [DEBUG] - api_logger - (views.py).api_posts_all(35) - All posts requested
2023-01-15 00:30:30,508 - [DEBUG] - api_logger - (views.py).api_posts_all(35) - All posts requested
2023-01-15 00:30:30,511 - [DEBUG] - api_logger - (views.py).api_posts_single(49) - Post requested 1
2023-01-15 00:30:30,515 - [DEBUG] - api_logger - (views.py).api_posts_single(46) - Referring to a non-existent post 0
2023-01-15 00:30:30,515 - [ERROR] - api_logger - (views.py).api_error_404(56) - Error 404 Not Found: The requested URL was not found on the server. If you entered the URL manually please check your spelling and try again.
2023-01-15 00:30:30,519 - [DEBUG] - api_logger - (views.py).api_posts_single(49) - Post requested 1
2023-01-15 00:30:30,522 - [DEBUG] - api_logger - (views.py).api_posts_single(49) - Post requested 1
2023-01-15 00:30:30,526 - [DEBUG] - api_logger - (views.py).api_posts_single(49) - Post requested 2
2023-01-15 00:30:30,529 - [DEBUG] - api_logger - (views.py).api_posts_single(49) - Post requested 3
2023-01-15 00:30:30,533 - [DEBUG] - api_logger - (views.py).api_posts_single(49) - Post requested 4
2023-01-15 00:47:47,714 - [DEBUG] - api_logger - (views.py).api_posts_all(35) - All posts requested
2023-01-15 00:47:47,719 - [DEBUG] - api_logger - (views.py).api_posts_all(35) - All posts requested
2023-01-15 00:47:47,722 - [DEBUG] - api_logger - (views.py).api_posts_single(49) - Post requested 1
2023-01-15 00:47:47,726 - [DEBUG] - api_logger - (views.py).api_posts_single(46) - Referring to a non-existent post 0
2023-01-15 00:47:47,726 - [ERROR] - api_logger - (views.py).api_error_404(56) - Error 404 Not Found: The requested URL was not found on the server. If you entered the URL manually please check your spelling and try again.
2023-01-15 00:47:47,730 - [DEBUG] - api_logger - (views.py).api_posts_single(49) - Post requested 1
2023-01-15 00:47:47,733 - [DEBUG] - api_logger - (views.py).api_posts_single(49) - Post requested 1
2023-01-15 00:47:47,737 - [DEBUG] - api_logger - (views.py).api_posts_single(49) - Post requested 2
2023-01-15 00:47:47,740 - [DEBUG] - api_logger - (views.py).api_posts_single(49) - Post requested 3
2023-01-15 00:47:47,743 - [DEBUG] - api_logger - (views.py).api_posts_single(49) - Post requested 4
2023-01-15 00:48:17,199 - [DEBUG] - api_logger - (views.py).api_posts_all(35) - All posts requested
2023-01-15 00:48:17,202 - [DEBUG] - api_logger - (views.py).api_posts_all(35) - All posts requested
2023-01-15 00:48:17,206 - [DEBUG] - api_logger - (views.py).api_posts_single(49) - Post requested 1
2023-01-15 00:48:17,210 - [DEBUG] - api_logger - (views.py).api_posts_single(46) - Referring to a non-existent post 0
2023-01-15 00:48:17,210 - [ERROR] - api_logger - (views.py).api_error_404(56) - Error 404 Not Found: The requested URL was not found on the server. If you entered the URL manually please check your spelling and try again.
2023-01-15 00:48:17,213 - [DEBUG] - api_logger - (views.py).api_posts_single(49) - Post requested 1
2023-01-15 00:48:17,216 - [DEBUG] - api_logger - (views.py).api_posts_single(49) - Post requested 1
2023-01-15 00:48:17,219 - [DEBUG] - api_logger - (views.py).api_posts_single(49) - Post requested 2
2023-01-15 00:48:17,223 - [DEBUG] - api_logger - (views.py).api_posts_single(49) - Post requested 3
2023-01-15 00:48:17,226 - [DEBUG] - api_logger - (views.py).api_posts_single(49) - Post requested 4
2023-01-15 00:48:30,217 - [DEBUG] - api_logger - (views.py).api_posts_all(35) - All posts requested
2023-01-15 00:48:30,221 - [DEBUG] - api_logger - (views.py).api_posts_all(35) - All posts requested
2023-01-15 00:48:30,224 - [DEBUG] - api_logger - (views.py).api_posts_single(49) - Post requested 1
2023-01-15 00:48:30,228 - [DEBUG] - api_logger - (views.py).api_posts_single(46) - Referring to a non-existent post 0
2023-01-15 00:48:30,229 - [ERROR] - api_logger - (views.py).api_error_404(56) - Error 404 Not Found: The requested URL was not found on the server. If you entered the URL manually please check your spelling and try again.
2023-01-15 00:48:30,232 - [DEBUG] - api_logger - (views.py).api_posts_single(49) - Post requested 1
2023-01-15 00:48:30,235 - [DEBUG] - api_logger - (views.py).api_posts_single(49) - Post requested 1
2023-01-15 00:48:30,238 - [DEBUG] - api_logger - (views.py).api_posts_single(49) - Post requested 2
2023-01-15 00:48:30,241 - [DEBUG] - api_logger - (views.py).api_posts_single(49) - Post requested 3
2023-01-15 00:48:30,244 - [DEBUG] - api_logger - (views.py).api_posts_single(49) - Post requested 4
2023-01-15 00:49:41,039 - [DEBUG] - api_logger - (views.py).api_posts_all(35) - All posts requested
2023-01-15 00:49:41,043 - [DEBUG] - api_logger - (views.py).api_posts_all(35) - All posts requested
2023-01-15 00:49:41,046 - [DEBUG] - api_logger - (views.py).api_posts_single(49) - Post requested 1
2023-01-15 00:49:41,050 - [DEBUG] - api_logger - (views.py).api_posts_single(46) - Referring to a non-existent post 0
2023-01-15 00:49:41,050 - [ERROR] - api_logger - (views.py).api_error_404(56) - Error 404 Not Found: The requested URL was not found on the server. If you entered the URL manually please check your spelling and try again.
2023-01-15 00:49:41,053 - [DEBUG] - api_logger - (views.py).api_posts_single(49) - Post requested 1
2023-01-15 00:49:41,056 - [DEBUG] - api_logger - (views.py).api_posts_single(49) - Post requested 1
2023-01-15 00:49:41,060 - [DEBUG] - api_logger - (views.py).api_posts_single(49) - Post requested 2
2023-01-15 00:49:41,063 - [DEBUG] - api_logger - (views.py).api_posts_single(49) - Post requested 3
2023-01-15 00:49:41,066 - [DEBUG] - api_logger - (views.py).api_posts_single(49) - Post requested 4
2023-01-15 00:50:52,438 - [DEBUG] - api_logger - (views.py).api_posts_all(35) - All posts requested
2023-01-15 00:50:52,441 - [DEBUG] - api_logger - (views.py).api_posts_all(35) - All posts requested
2023-01-15 00:50:52,445 - [DEBUG] - api_logger - (views.py).api_posts_single(49) - Post requested 1
2023-01-15 00:50:52,449 - [DEBUG] - api_logger - (views.py).api_posts_single(46) - Referring to a non-existent post 0
2023-01-15 00:50:52,449 - [ERROR] - api_logger - (views.py).api_error_404(56) - Error 404 Not Found: The requested URL was not found on the server. If you entered the URL manually please check your spelling and try again.
2023-01-15 00:50:52,453 - [DEBUG] - api_logger - (views.py).api_posts_single(49) - Post requested 1
2023-01-15 00:50:52,456 - [DEBUG] - api_logger - (views.py).api_posts_single(49) - Post requested 1
2023-01-15 00:50:52,461 - [DEBUG] - api_logger - (views.py).api_posts_single(49) - Post requested 2
2023-01-15 00:50:52,464 - [DEBUG] - api_logger - (views.py).api_posts_single(49) - Post requested 3
2023-01-15 00:50:52,468 - [DEBUG] - api_logger - (views.py).api_posts_single(49) - Post requested 4
2023-01-15 00:51:13,161 - [DEBUG] - api_logger - (views.py).api_posts_all(35) - All posts requested
2023-01-15 00:51:13,164 - [DEBUG] - api_logger - (views.py).api_posts_all(35) - All posts requested
2023-01-15 00:51:13,168 - [DEBUG] - api_logger - (views.py).api_posts_single(49) - Post requested 1
2023-01-15 00:51:13,171 - [DEBUG] - api_logger - (views.py).api_posts_single(46) - Referring to a non-existent post 0
2023-01-15 00:51:13,171 - [ERROR] - api_logger - (views.py).api_error_404(56) - Error 404 Not Found: The requested URL was not found on the server. If you entered the URL manually please check your spelling and try again.
2023-01-15 00:51:13,174 - [DEBUG] - api_logger - (views.py).api_posts_single(49) - Post requested 1
2023-01-15 00:51:13,178 - [DEBUG] - api_logger - (views.py).api_posts_single(49) - Post requested 1
2023-01-15 00:51:13,181 - [DEBUG] - api_logger - (views.py).api_posts_single(49) - Post requested 2
2023-01-15 00:51:13,184 - [DEBUG] - api_logger - (views.py).api_posts_single(49) - Post requested 3
2023-01-15 00:51:13,188 - [DEBUG] - api_logger - (views.py).api_posts_single(49) - Post requested 4
2023-01-15 00:52:31,038 - [DEBUG] - api_logger - (views.py).api_posts_all(35) - All posts requested
2023-01-15 00:52:31,041 - [DEBUG] - api_logger - (views.py).api_posts_all(35) - All posts requested
2023-01-15 00:52:31,045 - [DEBUG] - api_logger - (views.py).api_posts_single(49) - Post requested 1
2023-01-15 00:52:31,049 - [DEBUG] - api_logger - (views.py).api_posts_single(46) - Referring to a non-existent post 0
2023-01-15 00:52:31,049 - [ERROR] - api_logger - (views.py).api_error_404(56) - Error 404 Not Found: The requested URL was not found on the server. If you entered the URL manually please check your spelling and try again.
2023-01-15 00:52:31,052 - [DEBUG] - api_logger - (views.py).api_posts_single(49) - Post requested 1
2023-01-15 00:52:31,055 - [DEBUG] - api_logger - (views.py).api_posts_single(49) - Post requested 1
2023-01-15 00:52:31,058 - [DEBUG] - api_logger - (views.py).api_posts_single(49) - Post requested 2
2023-01-15 00:52:31,061 - [DEBUG] - api_logger - (views.py).api_posts_single(49) - Post requested 3
2023-01-15 00:52:31,064 - [DEBUG] - api_logger - (views.py).api_posts_single(49) - Post requested 4
2023-01-15 00:55:32,850 - [DEBUG] - api_logger - (views.py).api_posts_all(35) - All posts requested
2023-01-15 00:55:32,853 - [DEBUG] - api_logger - (views.py).api_posts_all(35) - All posts requested
2023-01-15 00:55:32,856 - [DEBUG] - api_logger - (views.py).api_posts_single(49) - Post requested 1
2023-01-15 00:55:32,860 - [DEBUG] - api_logger - (views.py).api_posts_single(46) - Referring to a non-existent post 0
2023-01-15 00:55:32,860 - [ERROR] - api_logger - (views.py).api_error_404(56) - Error 404 Not Found: The requested URL was not found on the server. If you entered the URL manually please check your spelling and try again.
2023-01-15 00:55:32,863 - [DEBUG] - api_logger - (views.py).api_posts_single(49) - Post requested 1
2023-01-15 00:55:32,866 - [DEBUG] - api_logger - (views.py).api_posts_single(49) - Post requested 1
2023-01-15 00:55:32,870 - [DEBUG] - api_logger - (views.py).api_posts_single(49) - Post requested 2
2023-01-15 00:55:32,873 - [DEBUG] - api_logger - (views.py).api_posts_single(49) - Post requested 3
2023-01-15 00:55:32,876 - [DEBUG] - api_logger - (views.py).api_posts_single(49) - Post requested 4
2023-01-15 00:59:08,403 - [DEBUG] - api_logger - (views.py).api_posts_all(35) - All posts requested
2023-01-15 00:59:08,407 - [DEBUG] - api_logger - (views.py).api_posts_all(35) - All posts requested
2023-01-15 00:59:08,411 - [DEBUG] - api_logger - (views.py).api_posts_single(49) - Post requested 1
2023-01-15 00:59:08,414 - [DEBUG] - api_logger - (views.py).api_posts_single(46) - Referring to a non-existent post 0
2023-01-15 00:59:08,415 - [ERROR] - api_logger - (views.py).api_error_404(56) - Error 404 Not Found: The requested URL was not found on the server. If you entered the URL manually please check your spelling and try again.
2023-01-15 00:59:08,418 - [DEBUG] - api_logger - (views.py).api_posts_single(49) - Post requested 1
2023-01-15 00:59:08,421 - [DEBUG] - api_logger - (views.py).api_posts_single(49) - Post requested 1
2023-01-15 00:59:08,424 - [DEBUG] - api_logger - (views.py).api_posts_single(49) - Post requested 2
2023-01-15 00:59:08,428 - [DEBUG] - api_logger - (views.py).api_posts_single(49) - Post requested 3
2023-01-15 00:59:08,431 - [DEBUG] - api_logger - (views.py).api_posts_single(49) - Post requested 4
2023-01-15 01:01:31,802 - [DEBUG] - api_logger - (views.py).api_posts_all(35) - All posts requested
2023-01-15 01:01:31,805 - [DEBUG] - api_logger - (views.py).api_posts_all(35) - All posts requested
2023-01-15 01:01:31,809 - [DEBUG] - api_logger - (views.py).api_posts_single(49) - Post requested 1
2023-01-15 01:01:31,812 - [DEBUG] - api_logger - (views.py).api_posts_single(46) - Referring to a non-existent post 0
2023-01-15 01:01:31,812 - [ERROR] - api_logger - (views.py).api_error_404(56) - Error 404 Not Found: The requested URL was not found on the server. If you entered the URL manually please check your spelling and try again.
2023-01-15 01:01:31,816 - [DEBUG] - api_logger - (views.py).api_posts_single(49) - Post requested 1
2023-01-15 01:01:31,819 - [DEBUG] - api_logger - (views.py).api_posts_single(49) - Post requested 1
2023-01-15 01:01:31,823 - [DEBUG] - api_logger - (views.py).api_posts_single(49) - Post requested 2
2023-01-15 01:01:31,826 - [DEBUG] - api_logger - (views.py).api_posts_single(49) - Post requested 3
2023-01-15 01:01:31,829 - [DEBUG] - api_logger - (views.py).api_posts_single(49) - Post requested 4
2023-01-15 01:01:52,858 - [DEBUG] - api_logger - (views.py).api_posts_all(35) - All posts requested
2023-01-15 01:01:52,862 - [DEBUG] - api_logger - (views.py).api_posts_all(35) - All posts requested
2023-01-15 01:01:52,866 - [DEBUG] - api_logger - (views.py).api_posts_single(49) - Post requested 1
2023-01-15 01:01:52,869 - [DEBUG] - api_logger - (views.py).api_posts_single(46) - Referring to a non-existent post 0
2023-01-15 01:01:52,869 - [ERROR] - api_logger - (views.py).api_error_404(56) - Error 404 Not Found: The requested URL was not found on the server. If you entered the URL manually please check your spelling and try again.
2023-01-15 01:01:52,872 - [DEBUG] - api_logger - (views.py).api_posts_single(49) - Post requested 1
2023-01-15 01:01:52,875 - [DEBUG] - api_logger - (views.py).api_posts_single(49) - Post requested 1
2023-01-15 01:01:52,879 - [DEBUG] - api_logger - (views.py).api_posts_single(49) - Post requested 2
2023-01-15 01:01:52,883 - [DEBUG] - api_logger - (views.py).api_posts_single(49) - Post requested 3
2023-01-15 01:01:52,886 - [DEBUG] - api_logger - (views.py).api_posts_single(49) - Post requested 4
2023-01-15 01:06:02,593 - [DEBUG] - api_logger - (views.py).api_posts_all(35) - All posts requested
2023-01-15 01:06:02,597 - [DEBUG] - api_logger - (views.py).api_posts_all(35) - All posts requested
2023-01-15 01:06:02,600 - [DEBUG] - api_logger - (views.py).api_posts_single(49) - Post requested 1
2023-01-15 01:06:02,603 - [DEBUG] - api_logger - (views.py).api_posts_single(46) - Referring to a non-existent post 0
2023-01-15 01:06:02,604 - [ERROR] - api_logger - (views.py).api_error_404(56) - Error 404 Not Found: The requested URL was not found on the server. If you entered the URL manually please check your spelling and try again.
2023-01-15 01:06:02,607 - [DEBUG] - api_logger - (views.py).api_posts_single(49) - Post requested 1
2023-01-15 01:06:02,610 - [DEBUG] - api_logger - (views.py).api_posts_single(49) - Post requested 1
2023-01-15 01:06:02,613 - [DEBUG] - api_logger - (views.py).api_posts_single(49) - Post requested 2
2023-01-15 01:06:02,617 - [DEBUG] - api_logger - (views.py).api_posts_single(49) - Post requested 3
2023-01-15 01:06:02,620 - [DEBUG] - api_logger - (views.py).api_posts_single(49) - Post requested 4
2023-01-15 01:06:40,759 - [DEBUG] - api_logger - (views.py).api_posts_all(35) - All posts requested
2023-01-15 01:06:40,762 - [DEBUG] - api_logger - (views.py).api_posts_all(35) - All posts requested
2023-01-15 01:06:40,766 - [DEBUG] - api_logger - (views.py).api_posts_single(49) - Post requested 1
2023-01-15 01:06:40,769 - [DEBUG] - api_logger - (views.py).api_posts_single(46) - Referring to a non-existent post 0
2023-01-15 01:06:40,769 - [ERROR] - api_logger - (views.py).api_error_404(56) - Error 404 Not Found: The requested URL was not found on the server. If you entered the URL manually please check your spelling and try again.
2023-01-15 01:06:40,773 - [DEBUG] - api_logger - (views.py).api_posts_single(49) - Post requested 1
2023-01-15 01:06:40,776 - [DEBUG] - api_logger - (views.py).api_posts_single(49) - Post requested 1
2023-01-15 01:06:40,779 - [DEBUG] - api_logger - (views.py).api_posts_single(49) - Post requested 2
2023-01-15 01:06:40,783 - [DEBUG] - api_logger - (views.py).api_posts_single(49) - Post requested 3
2023-01-15 01:06:40,787 - [DEBUG] - api_logger - (views.py).api_posts_single(49) - Post requested 4
2023-01-15 01:07:31,836 - [DEBUG] - api_logger - (views.py).api_posts_all(35) - All posts requested
2023-01-15 01:07:31,839 - [DEBUG] - api_logger - (views.py).api_posts_all(35) - All posts requested
2023-01-15 01:07:31,843 - [DEBUG] - api_logger - (views.py).api_posts_single(49) - Post requested 1
2023-01-15 01:07:31,846 - [DEBUG] - api_logger - (views.py).api_posts_single(46) - Referring to a non-existent post 0
2023-01-15 01:07:31,846 - [ERROR] - api_logger - (views.py).api_error_404(56) - Error 404 Not Found: The requested URL was not found on the server. If you entered the URL manually please check your spelling and try again.
2023-01-15 01:07:31,850 - [DEBUG] - api_logger - (views.py).api_posts_single(49) - Post requested 1
2023-01-15 01:07:31,853 - [DEBUG] - api_logger - (views.py).api_posts_single(49) - Post requested 1
2023-01-15 01:07:31,857 - [DEBUG] - api_logger - (views.py).api_posts_single(49) - Post requested 2
2023-01-15 01:07:31,860 - [DEBUG] - api_logger - (views.py).api_posts_single(49) - Post requested 3
2023-01-15 01:07:31,863 - [DEBUG] - api_logger - (views.py).api_posts_single(49) - Post requested 4
2023-01-15 01:09:34,888 - [DEBUG] - api_logger - (views.py).api_posts_all(35) - All posts requested
2023-01-15 01:09:34,891 - [DEBUG] - api_logger - (views.py).api_posts_all(35) - All posts requested
2023-01-15 01:09:34,894 - [DEBUG] - api_logger - (views.py).api_posts_single(49) - Post requested 1
2023-01-15 01:09:34,898 - [DEBUG] - api_logger - (views.py).api_posts_single(46) - Referring to a non-existent post 0
2023-01-15 01:09:34,898 - [ERROR] - api_logger - (views.py).api_error_404(56) - Error 404 Not Found: The requested URL was not found on the server. If you entered the URL manually please check your spelling and try again.
2023-01-15 01:09:34,901 - [DEBUG] - api_logger - (views.py).api_posts_single(49) - Post requested 1
2023-01-15 01:09:34,904 - [DEBUG] - api_logger - (views.py).api_posts_single(49) - Post requested 1
2023-01-15 01:09:34,908 - [DEBUG] - api_logger - (views.py).api_posts_single(49) - Post requested 2
2023-01-15 01:09:34,911 - [DEBUG] - api_logger - (views.py).api_posts_single(49) - Post requested 3
2023-01-15 01:09:34,914 - [DEBUG] - api_logger - (views.py).api_posts_single(49) - Post requested 4
2023-01-15 01:10:09,722 - [DEBUG] - api_logger - (views.py).api_posts_all(35) - All posts requested
2023-01-15 01:10:09,725 - [DEBUG] - api_logger - (views.py).api_posts_all(35) - All posts requested
2023-01-15 01:10:09,729 - [DEBUG] - api_logger - (views.py).api_posts_single(49) - Post requested 1
2023-01-15 01:10:09,732 - [DEBUG] - api_logger - (views.py).api_posts_single(46) - Referring to a non-existent post 0
2023-01-15 01:10:09,732 - [ERROR] - api_logger - (views.py).api_error_404(56) - Error 404 Not Found: The requested URL was not found on the server. If you entered the URL manually please check your spelling and try again.
2023-01-15 01:10:09,735 - [DEBUG] - api_logger - (views.py).api_posts_single(49) - Post requested 1
2023-01-15 01:10:09,739 - [DEBUG] - api_logger - (views.py).api_posts_single(49) - Post requested 1
2023-01-15 01:10:09,743 - [DEBUG] - api_logger - (views.py).api_posts_single(49) - Post requested 2
2023-01-15 01:10:09,746 - [DEBUG] - api_logger - (views.py).api_posts_single(49) - Post requested 3
2023-01-15 01:10:09,749 - [DEBUG] - api_logger - (views.py).api_posts_single(49) - Post requested 4
2023-01-15 01:10:23,123 - [DEBUG] - api_logger - (views.py).api_posts_all(35) - All posts requested
2023-01-15 01:10:23,126 - [DEBUG] - api_logger - (views.py).api_posts_all(35) - All posts requested
2023-01-15 01:10:23,130 - [DEBUG] - api_logger - (views.py).api_posts_single(49) - Post requested 1
2023-01-15 01:10:23,133 - [DEBUG] - api_logger - (views.py).api_posts_single(46) - Referring to a non-existent post 0
2023-01-15 01:10:23,134 - [ERROR] - api_logger - (views.py).api_error_404(56) - Error 404 Not Found: The requested URL was not found on the server. If you entered the URL manually please check your spelling and try again.
2023-01-15 01:10:23,137 - [DEBUG] - api_logger - (views.py).api_posts_single(49) - Post requested 1
2023-01-15 01:10:23,140 - [DEBUG] - api_logger - (views.py).api_posts_single(49) - Post requested 1
2023-01-15 01:10:23,144 - [DEBUG] - api_logger - (views.py).api_posts_single(49) - Post requested 2
2023-01-15 01:10:23,148 - [DEBUG] - api_logger - (views.py).api_posts_single(49) - Post requested 3
2023-01-15 01:10:23,151 - [DEBUG] - api_logger - (views.py).api_posts_single(49) - Post requested 4
2023-01-15 01:11:51,926 - [DEBUG] - api_logger - (views.py).api_posts_all(35) - All posts requested
2023-01-15 01:11:51,930 - [DEBUG] - api_logger - (views.py).api_posts_all(35) - All posts requested
2023-01-15 01:11:51,933 - [DEBUG] - api_logger - (views.py).api_posts_single(49) - Post requested 1
2023-01-15 01:11:51,936 - [DEBUG] - api_logger - (views.py).api_posts_single(46) - Referring to a non-existent post 0
2023-01-15 01:11:51,937 - [ERROR] - api_logger - (views.py).api_error_404(56) - Error 404 Not Found: The requested URL was not found on the server. If you entered the URL manually please check your spelling and try again.
2023-01-15 01:11:51,941 - [DEBUG] - api_logger - (views.py).api_posts_single(49) - Post requested 1
2023-01-15 01:11:51,943 - [DEBUG] - api_logger - (views.py).api_posts_single(49) - Post requested 1
2023-01-15 01:11:51,947 - [DEBUG] - api_logger - (views.py).api_posts_single(49) - Post requested 2
2023-01-15 01:11:51,965 - [DEBUG] - api_logger - (views.py).api_posts_single(49) - Post requested 3
2023-01-15 01:11:51,968 - [DEBUG] - api_logger - (views.py).api_posts_single(49) - Post requested 4
2023-01-15 01:18:38,719 - [DEBUG] - api_logger - (views.py).api_posts_all(35) - All posts requested
2023-01-15 01:18:38,723 - [DEBUG] - api_logger - (views.py).api_posts_all(35) - All posts requested
2023-01-15 01:18:38,728 - [DEBUG] - api_logger - (views.py).api_posts_single(49) - Post requested 1
2023-01-15 01:18:38,732 - [DEBUG] - api_logger - (views.py).api_posts_single(46) - Referring to a non-existent post 0
2023-01-15 01:18:38,732 - [ERROR] - api_logger - (views.py).api_error_404(56) - Error 404 Not Found: The requested URL was not found on the server. If you entered the URL manually please check your spelling and try again.
2023-01-15 01:18:38,736 - [DEBUG] - api_logger - (views.py).api_posts_single(49) - Post requested 1
2023-01-15 01:18:38,739 - [DEBUG] - api_logger - (views.py).api_posts_single(49) - Post requested 1
2023-01-15 01:18:38,742 - [DEBUG] - api_logger - (views.py).api_posts_single(49) - Post requested 2
2023-01-15 01:18:38,745 - [DEBUG] - api_logger - (views.py).api_posts_single(49) - Post requested 3
2023-01-15 01:18:38,750 - [DEBUG] - api_logger - (views.py).api_posts_single(49) - Post requested 4
2023-01-18 18:41:52,235 - [DEBUG] - api_logger - (api_views.py).api_posts_all(21) - All posts requested
2023-01-18 18:44:08,522 - [DEBUG] - api_logger - (api_views.py).api_posts_single(32) - Post requested 1
2023-01-18 18:44:14,389 - [DEBUG] - api_logger - (api_views.py).api_posts_all(21) - All posts requested
2023-01-18 18:46:14,435 - [DEBUG] - api_logger - (api_views.py).api_posts_all(21) - All posts requested
2023-01-18 18:46:19,051 - [DEBUG] - api_logger - (api_views.py).api_posts_single(32) - Post requested 1
2023-01-18 18:48:59,516 - [DEBUG] - api_logger - (api_views.py).api_posts_all(21) - All posts requested
2023-01-18 18:48:59,519 - [DEBUG] - api_logger - (api_views.py).api_posts_all(21) - All posts requested
2023-01-18 18:48:59,523 - [DEBUG] - api_logger - (api_views.py).api_posts_single(32) - Post requested 1
2023-01-18 18:48:59,526 - [DEBUG] - api_logger - (api_views.py).api_posts_single(30) - Referring to a non-existent post 0
2023-01-18 18:48:59,526 - [ERROR] - api_logger - (api_views.py).api_error_404(38) - Error 404 Not Found: The requested URL was not found on the server. If you entered the URL manually please check your spelling and try again.
2023-01-18 18:48:59,529 - [DEBUG] - api_logger - (api_views.py).api_posts_single(32) - Post requested 1
2023-01-18 18:48:59,531 - [DEBUG] - api_logger - (api_views.py).api_posts_single(32) - Post requested 1
2023-01-18 18:48:59,534 - [DEBUG] - api_logger - (api_views.py).api_posts_single(32) - Post requested 2
2023-01-18 18:48:59,537 - [DEBUG] - api_logger - (api_views.py).api_posts_single(32) - Post requested 3
2023-01-18 18:48:59,539 - [DEBUG] - api_logger - (api_views.py).api_posts_single(32) - Post requested 4
2023-01-18 19:36:53,288 - [DEBUG] - api_logger - (api_views.py).api_posts_all(21) - All posts requested
2023-01-18 19:36:53,288 - [DEBUG] - api_logger - (api_views.py).api_posts_all(21) - All posts requested
2023-01-18 19:36:53,288 - [DEBUG] - api_logger - (api_views.py).api_posts_single(32) - Post requested 1
2023-01-18 19:36:53,303 - [DEBUG] - api_logger - (api_views.py).api_posts_single(30) - Referring to a non-existent post 0
2023-01-18 19:36:53,303 - [ERROR] - api_logger - (api_views.py).api_error_404(38) - Error 404 Not Found: The requested URL was not found on the server. If you entered the URL manually please check your spelling and try again.
2023-01-18 19:36:53,303 - [DEBUG] - api_logger - (api_views.py).api_posts_single(32) - Post requested 1
2023-01-18 19:36:53,303 - [DEBUG] - api_logger - (api_views.py).api_posts_single(32) - Post requested 1
2023-01-18 19:36:53,303 - [DEBUG] - api_logger - (api_views.py).api_posts_single(32) - Post requested 2
2023-01-18 19:36:53,303 - [DEBUG] - api_logger - (api_views.py).api_posts_single(32) - Post requested 3
2023-01-18 19:36:53,303 - [DEBUG] - api_logger - (api_views.py).api_posts_single(32) - Post requested 4
